

Started GET "/" for 127.0.0.1 at 2015-07-31 11:17:08 +0530

ActiveRecord::PendingMigrationError (

Migrations are pending. To resolve this issue, run:

	bin/rake db:migrate RAILS_ENV=development

):
  activerecord (4.2.3) lib/active_record/migration.rb:392:in `check_pending!'
  activerecord (4.2.3) lib/active_record/migration.rb:373:in `call'
  actionpack (4.2.3) lib/action_dispatch/middleware/callbacks.rb:29:in `block in call'
  activesupport (4.2.3) lib/active_support/callbacks.rb:84:in `run_callbacks'
  actionpack (4.2.3) lib/action_dispatch/middleware/callbacks.rb:27:in `call'
  actionpack (4.2.3) lib/action_dispatch/middleware/reloader.rb:73:in `call'
  actionpack (4.2.3) lib/action_dispatch/middleware/remote_ip.rb:78:in `call'
  actionpack (4.2.3) lib/action_dispatch/middleware/debug_exceptions.rb:17:in `call'
  web-console (2.2.1) lib/web_console/middleware.rb:39:in `call'
  actionpack (4.2.3) lib/action_dispatch/middleware/show_exceptions.rb:30:in `call'
  railties (4.2.3) lib/rails/rack/logger.rb:38:in `call_app'
  railties (4.2.3) lib/rails/rack/logger.rb:20:in `block in call'
  activesupport (4.2.3) lib/active_support/tagged_logging.rb:68:in `block in tagged'
  activesupport (4.2.3) lib/active_support/tagged_logging.rb:26:in `tagged'
  activesupport (4.2.3) lib/active_support/tagged_logging.rb:68:in `tagged'
  railties (4.2.3) lib/rails/rack/logger.rb:20:in `call'
  actionpack (4.2.3) lib/action_dispatch/middleware/request_id.rb:21:in `call'
  rack (1.6.4) lib/rack/methodoverride.rb:22:in `call'
  rack (1.6.4) lib/rack/runtime.rb:18:in `call'
  activesupport (4.2.3) lib/active_support/cache/strategy/local_cache_middleware.rb:28:in `call'
  rack (1.6.4) lib/rack/lock.rb:17:in `call'
  actionpack (4.2.3) lib/action_dispatch/middleware/static.rb:116:in `call'
  rack (1.6.4) lib/rack/sendfile.rb:113:in `call'
  railties (4.2.3) lib/rails/engine.rb:518:in `call'
  railties (4.2.3) lib/rails/application.rb:165:in `call'
  rack (1.6.4) lib/rack/lock.rb:17:in `call'
  rack (1.6.4) lib/rack/content_length.rb:15:in `call'
  rack (1.6.4) lib/rack/handler/webrick.rb:88:in `service'
  /home/tri/.rvm/rubies/ruby-2.2.1/lib/ruby/2.2.0/webrick/httpserver.rb:138:in `service'
  /home/tri/.rvm/rubies/ruby-2.2.1/lib/ruby/2.2.0/webrick/httpserver.rb:94:in `run'
  /home/tri/.rvm/rubies/ruby-2.2.1/lib/ruby/2.2.0/webrick/server.rb:294:in `block in start_thread'


  Rendered /home/tri/.rvm/gems/ruby-2.2.1@bmc/gems/actionpack-4.2.3/lib/action_dispatch/middleware/templates/rescues/_source.erb (2.1ms)
  Rendered /home/tri/.rvm/gems/ruby-2.2.1@bmc/gems/actionpack-4.2.3/lib/action_dispatch/middleware/templates/rescues/_trace.html.erb (1.3ms)
  Rendered /home/tri/.rvm/gems/ruby-2.2.1@bmc/gems/actionpack-4.2.3/lib/action_dispatch/middleware/templates/rescues/_request_and_response.html.erb (0.8ms)
  Rendered /home/tri/.rvm/gems/ruby-2.2.1@bmc/gems/actionpack-4.2.3/lib/action_dispatch/middleware/templates/rescues/diagnostics.html.erb within rescues/layout (16.1ms)
  Rendered /home/tri/.rvm/gems/ruby-2.2.1@bmc/gems/web-console-2.2.1/lib/web_console/templates/_markup.html.erb (0.4ms)
  Rendered /home/tri/.rvm/gems/ruby-2.2.1@bmc/gems/web-console-2.2.1/lib/web_console/templates/_inner_console_markup.html.erb within layouts/inlined_string (0.3ms)
  Rendered /home/tri/.rvm/gems/ruby-2.2.1@bmc/gems/web-console-2.2.1/lib/web_console/templates/_prompt_box_markup.html.erb within layouts/inlined_string (0.3ms)
  Rendered /home/tri/.rvm/gems/ruby-2.2.1@bmc/gems/web-console-2.2.1/lib/web_console/templates/style.css.erb within layouts/inlined_string (0.3ms)
  Rendered /home/tri/.rvm/gems/ruby-2.2.1@bmc/gems/web-console-2.2.1/lib/web_console/templates/console.js.erb within layouts/javascript (13.9ms)
  Rendered /home/tri/.rvm/gems/ruby-2.2.1@bmc/gems/web-console-2.2.1/lib/web_console/templates/main.js.erb within layouts/javascript (0.3ms)
  Rendered /home/tri/.rvm/gems/ruby-2.2.1@bmc/gems/web-console-2.2.1/lib/web_console/templates/error_page.js.erb within layouts/javascript (0.5ms)
  Rendered /home/tri/.rvm/gems/ruby-2.2.1@bmc/gems/web-console-2.2.1/lib/web_console/templates/index.html.erb (31.7ms)
  [1m[36m (225.4ms)[0m  [1mCREATE TABLE "schema_migrations" ("version" varchar NOT NULL) [0m
  [1m[35m (0.3ms)[0m  select sqlite_version(*)
  [1m[36m (143.4ms)[0m  [1mCREATE UNIQUE INDEX "unique_schema_migrations" ON "schema_migrations" ("version")[0m
  [1m[35mActiveRecord::SchemaMigration Load (0.2ms)[0m  SELECT "schema_migrations".* FROM "schema_migrations"
Migrating to DeviseCreateUsers (20150730145406)
  [1m[36m (0.1ms)[0m  [1mbegin transaction[0m
  [1m[35m (0.7ms)[0m  CREATE TABLE "users" ("id" INTEGER PRIMARY KEY AUTOINCREMENT NOT NULL, "email" varchar, "remember_created_at" datetime, "sign_in_count" integer DEFAULT 0 NOT NULL, "current_sign_in_at" datetime, "last_sign_in_at" datetime, "current_sign_in_ip" varchar, "last_sign_in_ip" varchar, "created_at" datetime NOT NULL, "updated_at" datetime NOT NULL) 
  [1m[36m (0.3ms)[0m  [1mCREATE UNIQUE INDEX "index_users_on_email" ON "users" ("email")[0m
  [1m[35mSQL (0.2ms)[0m  INSERT INTO "schema_migrations" ("version") VALUES (?)  [["version", "20150730145406"]]
  [1m[36m (127.6ms)[0m  [1mcommit transaction[0m
Migrating to AddOmniauthToUsers (20150730152147)
  [1m[35m (0.1ms)[0m  begin transaction
  [1m[36m (0.7ms)[0m  [1mALTER TABLE "users" ADD "provider" varchar[0m
  [1m[35m (0.2ms)[0m              SELECT sql
            FROM sqlite_master
            WHERE name='index_users_on_email' AND type='index'
            UNION ALL
            SELECT sql
            FROM sqlite_temp_master
            WHERE name='index_users_on_email' AND type='index'

  [1m[36m (0.3ms)[0m  [1mCREATE  INDEX "index_users_on_provider" ON "users" ("provider")[0m
  [1m[35m (0.4ms)[0m  ALTER TABLE "users" ADD "uid" varchar
  [1m[36m (0.2ms)[0m  [1m            SELECT sql
            FROM sqlite_master
            WHERE name='index_users_on_provider' AND type='index'
            UNION ALL
            SELECT sql
            FROM sqlite_temp_master
            WHERE name='index_users_on_provider' AND type='index'
[0m
  [1m[35m (0.2ms)[0m              SELECT sql
            FROM sqlite_master
            WHERE name='index_users_on_email' AND type='index'
            UNION ALL
            SELECT sql
            FROM sqlite_temp_master
            WHERE name='index_users_on_email' AND type='index'

  [1m[36m (0.3ms)[0m  [1mCREATE  INDEX "index_users_on_uid" ON "users" ("uid")[0m
  [1m[35mSQL (0.2ms)[0m  INSERT INTO "schema_migrations" ("version") VALUES (?)  [["version", "20150730152147"]]
  [1m[36m (135.9ms)[0m  [1mcommit transaction[0m
Migrating to AddImageToUsers (20150730152633)
  [1m[35m (0.1ms)[0m  begin transaction
  [1m[36m (0.7ms)[0m  [1mALTER TABLE "users" ADD "image" varchar[0m
  [1m[35mSQL (0.3ms)[0m  INSERT INTO "schema_migrations" ("version") VALUES (?)  [["version", "20150730152633"]]
  [1m[36m (129.5ms)[0m  [1mcommit transaction[0m
  [1m[35mActiveRecord::SchemaMigration Load (0.2ms)[0m  SELECT "schema_migrations".* FROM "schema_migrations"
  [1m[36m (0.2ms)[0m  [1m            SELECT sql
            FROM sqlite_master
            WHERE name='index_users_on_uid' AND type='index'
            UNION ALL
            SELECT sql
            FROM sqlite_temp_master
            WHERE name='index_users_on_uid' AND type='index'
[0m
  [1m[35m (0.2ms)[0m              SELECT sql
            FROM sqlite_master
            WHERE name='index_users_on_provider' AND type='index'
            UNION ALL
            SELECT sql
            FROM sqlite_temp_master
            WHERE name='index_users_on_provider' AND type='index'

  [1m[36m (0.2ms)[0m  [1m            SELECT sql
            FROM sqlite_master
            WHERE name='index_users_on_email' AND type='index'
            UNION ALL
            SELECT sql
            FROM sqlite_temp_master
            WHERE name='index_users_on_email' AND type='index'
[0m


Started GET "/" for 127.0.0.1 at 2015-07-31 11:17:52 +0530
  [1m[36mActiveRecord::SchemaMigration Load (0.2ms)[0m  [1mSELECT "schema_migrations".* FROM "schema_migrations"[0m
Processing by HomeController#land as HTML
  Rendered home/land.html.erb within layouts/application (1.5ms)
Completed 200 OK in 4311ms (Views: 4299.8ms | ActiveRecord: 0.0ms)


Started GET "/" for 127.0.0.1 at 2015-07-31 11:17:57 +0530
Processing by HomeController#land as HTML
  Rendered home/land.html.erb within layouts/application (1.7ms)
Completed 200 OK in 140ms (Views: 138.9ms | ActiveRecord: 0.0ms)


Started GET "/users/auth/linkedin" for 127.0.0.1 at 2015-07-31 11:18:00 +0530

OAuth::Problem (parameter_absent):
  oauth (0.4.7) lib/oauth/consumer.rb:178:in `request'
  oauth (0.4.7) lib/oauth/consumer.rb:194:in `token_request'
  oauth (0.4.7) lib/oauth/consumer.rb:136:in `get_request_token'
  omniauth-oauth (1.1.0) lib/omniauth/strategies/oauth.rb:28:in `request_phase'
  omniauth-linkedin (0.2.0) lib/omniauth/strategies/linkedin.rb:55:in `request_phase'
  omniauth (1.2.2) lib/omniauth/strategy.rb:215:in `request_call'
  omniauth (1.2.2) lib/omniauth/strategy.rb:183:in `call!'
  omniauth (1.2.2) lib/omniauth/strategy.rb:164:in `call'
  warden (1.2.3) lib/warden/manager.rb:35:in `block in call'
  warden (1.2.3) lib/warden/manager.rb:34:in `catch'
  warden (1.2.3) lib/warden/manager.rb:34:in `call'
  rack (1.6.4) lib/rack/etag.rb:24:in `call'
  rack (1.6.4) lib/rack/conditionalget.rb:25:in `call'
  rack (1.6.4) lib/rack/head.rb:13:in `call'
  actionpack (4.2.3) lib/action_dispatch/middleware/params_parser.rb:27:in `call'
  actionpack (4.2.3) lib/action_dispatch/middleware/flash.rb:260:in `call'
  rack (1.6.4) lib/rack/session/abstract/id.rb:225:in `context'
  rack (1.6.4) lib/rack/session/abstract/id.rb:220:in `call'
  actionpack (4.2.3) lib/action_dispatch/middleware/cookies.rb:560:in `call'
  activerecord (4.2.3) lib/active_record/query_cache.rb:36:in `call'
  activerecord (4.2.3) lib/active_record/connection_adapters/abstract/connection_pool.rb:653:in `call'
  activerecord (4.2.3) lib/active_record/migration.rb:377:in `call'
  actionpack (4.2.3) lib/action_dispatch/middleware/callbacks.rb:29:in `block in call'
  activesupport (4.2.3) lib/active_support/callbacks.rb:84:in `run_callbacks'
  actionpack (4.2.3) lib/action_dispatch/middleware/callbacks.rb:27:in `call'
  actionpack (4.2.3) lib/action_dispatch/middleware/reloader.rb:73:in `call'
  actionpack (4.2.3) lib/action_dispatch/middleware/remote_ip.rb:78:in `call'
  actionpack (4.2.3) lib/action_dispatch/middleware/debug_exceptions.rb:17:in `call'
  web-console (2.2.1) lib/web_console/middleware.rb:39:in `call'
  actionpack (4.2.3) lib/action_dispatch/middleware/show_exceptions.rb:30:in `call'
  railties (4.2.3) lib/rails/rack/logger.rb:38:in `call_app'
  railties (4.2.3) lib/rails/rack/logger.rb:20:in `block in call'
  activesupport (4.2.3) lib/active_support/tagged_logging.rb:68:in `block in tagged'
  activesupport (4.2.3) lib/active_support/tagged_logging.rb:26:in `tagged'
  activesupport (4.2.3) lib/active_support/tagged_logging.rb:68:in `tagged'
  railties (4.2.3) lib/rails/rack/logger.rb:20:in `call'
  actionpack (4.2.3) lib/action_dispatch/middleware/request_id.rb:21:in `call'
  rack (1.6.4) lib/rack/methodoverride.rb:22:in `call'
  rack (1.6.4) lib/rack/runtime.rb:18:in `call'
  activesupport (4.2.3) lib/active_support/cache/strategy/local_cache_middleware.rb:28:in `call'
  rack (1.6.4) lib/rack/lock.rb:17:in `call'
  actionpack (4.2.3) lib/action_dispatch/middleware/static.rb:116:in `call'
  rack (1.6.4) lib/rack/sendfile.rb:113:in `call'
  railties (4.2.3) lib/rails/engine.rb:518:in `call'
  railties (4.2.3) lib/rails/application.rb:165:in `call'
  rack (1.6.4) lib/rack/lock.rb:17:in `call'
  rack (1.6.4) lib/rack/content_length.rb:15:in `call'
  rack (1.6.4) lib/rack/handler/webrick.rb:88:in `service'
  /home/tri/.rvm/rubies/ruby-2.2.1/lib/ruby/2.2.0/webrick/httpserver.rb:138:in `service'
  /home/tri/.rvm/rubies/ruby-2.2.1/lib/ruby/2.2.0/webrick/httpserver.rb:94:in `run'
  /home/tri/.rvm/rubies/ruby-2.2.1/lib/ruby/2.2.0/webrick/server.rb:294:in `block in start_thread'


  Rendered /home/tri/.rvm/gems/ruby-2.2.1@bmc/gems/actionpack-4.2.3/lib/action_dispatch/middleware/templates/rescues/_source.erb (5.3ms)
  Rendered /home/tri/.rvm/gems/ruby-2.2.1@bmc/gems/actionpack-4.2.3/lib/action_dispatch/middleware/templates/rescues/_trace.html.erb (2.6ms)
  Rendered /home/tri/.rvm/gems/ruby-2.2.1@bmc/gems/actionpack-4.2.3/lib/action_dispatch/middleware/templates/rescues/_request_and_response.html.erb (1.4ms)
  Rendered /home/tri/.rvm/gems/ruby-2.2.1@bmc/gems/actionpack-4.2.3/lib/action_dispatch/middleware/templates/rescues/diagnostics.html.erb within rescues/layout (27.8ms)
  Rendered /home/tri/.rvm/gems/ruby-2.2.1@bmc/gems/web-console-2.2.1/lib/web_console/templates/_markup.html.erb (0.6ms)
  Rendered /home/tri/.rvm/gems/ruby-2.2.1@bmc/gems/web-console-2.2.1/lib/web_console/templates/_inner_console_markup.html.erb within layouts/inlined_string (0.5ms)
  Rendered /home/tri/.rvm/gems/ruby-2.2.1@bmc/gems/web-console-2.2.1/lib/web_console/templates/_prompt_box_markup.html.erb within layouts/inlined_string (0.3ms)
  Rendered /home/tri/.rvm/gems/ruby-2.2.1@bmc/gems/web-console-2.2.1/lib/web_console/templates/style.css.erb within layouts/inlined_string (0.3ms)
  Rendered /home/tri/.rvm/gems/ruby-2.2.1@bmc/gems/web-console-2.2.1/lib/web_console/templates/console.js.erb within layouts/javascript (18.2ms)
  Rendered /home/tri/.rvm/gems/ruby-2.2.1@bmc/gems/web-console-2.2.1/lib/web_console/templates/main.js.erb within layouts/javascript (0.3ms)
  Rendered /home/tri/.rvm/gems/ruby-2.2.1@bmc/gems/web-console-2.2.1/lib/web_console/templates/error_page.js.erb within layouts/javascript (0.6ms)
  Rendered /home/tri/.rvm/gems/ruby-2.2.1@bmc/gems/web-console-2.2.1/lib/web_console/templates/index.html.erb (41.3ms)


Started GET "/users/auth/linkedin" for 127.0.0.1 at 2015-07-31 11:18:02 +0530

OAuth::Problem (parameter_absent):
  oauth (0.4.7) lib/oauth/consumer.rb:178:in `request'
  oauth (0.4.7) lib/oauth/consumer.rb:194:in `token_request'
  oauth (0.4.7) lib/oauth/consumer.rb:136:in `get_request_token'
  omniauth-oauth (1.1.0) lib/omniauth/strategies/oauth.rb:28:in `request_phase'
  omniauth-linkedin (0.2.0) lib/omniauth/strategies/linkedin.rb:55:in `request_phase'
  omniauth (1.2.2) lib/omniauth/strategy.rb:215:in `request_call'
  omniauth (1.2.2) lib/omniauth/strategy.rb:183:in `call!'
  omniauth (1.2.2) lib/omniauth/strategy.rb:164:in `call'
  warden (1.2.3) lib/warden/manager.rb:35:in `block in call'
  warden (1.2.3) lib/warden/manager.rb:34:in `catch'
  warden (1.2.3) lib/warden/manager.rb:34:in `call'
  rack (1.6.4) lib/rack/etag.rb:24:in `call'
  rack (1.6.4) lib/rack/conditionalget.rb:25:in `call'
  rack (1.6.4) lib/rack/head.rb:13:in `call'
  actionpack (4.2.3) lib/action_dispatch/middleware/params_parser.rb:27:in `call'
  actionpack (4.2.3) lib/action_dispatch/middleware/flash.rb:260:in `call'
  rack (1.6.4) lib/rack/session/abstract/id.rb:225:in `context'
  rack (1.6.4) lib/rack/session/abstract/id.rb:220:in `call'
  actionpack (4.2.3) lib/action_dispatch/middleware/cookies.rb:560:in `call'
  activerecord (4.2.3) lib/active_record/query_cache.rb:36:in `call'
  activerecord (4.2.3) lib/active_record/connection_adapters/abstract/connection_pool.rb:653:in `call'
  activerecord (4.2.3) lib/active_record/migration.rb:377:in `call'
  actionpack (4.2.3) lib/action_dispatch/middleware/callbacks.rb:29:in `block in call'
  activesupport (4.2.3) lib/active_support/callbacks.rb:84:in `run_callbacks'
  actionpack (4.2.3) lib/action_dispatch/middleware/callbacks.rb:27:in `call'
  actionpack (4.2.3) lib/action_dispatch/middleware/reloader.rb:73:in `call'
  actionpack (4.2.3) lib/action_dispatch/middleware/remote_ip.rb:78:in `call'
  actionpack (4.2.3) lib/action_dispatch/middleware/debug_exceptions.rb:17:in `call'
  web-console (2.2.1) lib/web_console/middleware.rb:39:in `call'
  actionpack (4.2.3) lib/action_dispatch/middleware/show_exceptions.rb:30:in `call'
  railties (4.2.3) lib/rails/rack/logger.rb:38:in `call_app'
  railties (4.2.3) lib/rails/rack/logger.rb:20:in `block in call'
  activesupport (4.2.3) lib/active_support/tagged_logging.rb:68:in `block in tagged'
  activesupport (4.2.3) lib/active_support/tagged_logging.rb:26:in `tagged'
  activesupport (4.2.3) lib/active_support/tagged_logging.rb:68:in `tagged'
  railties (4.2.3) lib/rails/rack/logger.rb:20:in `call'
  actionpack (4.2.3) lib/action_dispatch/middleware/request_id.rb:21:in `call'
  rack (1.6.4) lib/rack/methodoverride.rb:22:in `call'
  rack (1.6.4) lib/rack/runtime.rb:18:in `call'
  activesupport (4.2.3) lib/active_support/cache/strategy/local_cache_middleware.rb:28:in `call'
  rack (1.6.4) lib/rack/lock.rb:17:in `call'
  actionpack (4.2.3) lib/action_dispatch/middleware/static.rb:116:in `call'
  rack (1.6.4) lib/rack/sendfile.rb:113:in `call'
  railties (4.2.3) lib/rails/engine.rb:518:in `call'
  railties (4.2.3) lib/rails/application.rb:165:in `call'
  rack (1.6.4) lib/rack/lock.rb:17:in `call'
  rack (1.6.4) lib/rack/content_length.rb:15:in `call'
  rack (1.6.4) lib/rack/handler/webrick.rb:88:in `service'
  /home/tri/.rvm/rubies/ruby-2.2.1/lib/ruby/2.2.0/webrick/httpserver.rb:138:in `service'
  /home/tri/.rvm/rubies/ruby-2.2.1/lib/ruby/2.2.0/webrick/httpserver.rb:94:in `run'
  /home/tri/.rvm/rubies/ruby-2.2.1/lib/ruby/2.2.0/webrick/server.rb:294:in `block in start_thread'


  Rendered /home/tri/.rvm/gems/ruby-2.2.1@bmc/gems/actionpack-4.2.3/lib/action_dispatch/middleware/templates/rescues/_source.erb (5.7ms)
  Rendered /home/tri/.rvm/gems/ruby-2.2.1@bmc/gems/actionpack-4.2.3/lib/action_dispatch/middleware/templates/rescues/_trace.html.erb (2.6ms)
  Rendered /home/tri/.rvm/gems/ruby-2.2.1@bmc/gems/actionpack-4.2.3/lib/action_dispatch/middleware/templates/rescues/_request_and_response.html.erb (1.2ms)
  Rendered /home/tri/.rvm/gems/ruby-2.2.1@bmc/gems/actionpack-4.2.3/lib/action_dispatch/middleware/templates/rescues/diagnostics.html.erb within rescues/layout (28.6ms)
  Rendered /home/tri/.rvm/gems/ruby-2.2.1@bmc/gems/web-console-2.2.1/lib/web_console/templates/_markup.html.erb (0.4ms)
  Rendered /home/tri/.rvm/gems/ruby-2.2.1@bmc/gems/web-console-2.2.1/lib/web_console/templates/_inner_console_markup.html.erb within layouts/inlined_string (0.4ms)
  Rendered /home/tri/.rvm/gems/ruby-2.2.1@bmc/gems/web-console-2.2.1/lib/web_console/templates/_prompt_box_markup.html.erb within layouts/inlined_string (0.3ms)
  Rendered /home/tri/.rvm/gems/ruby-2.2.1@bmc/gems/web-console-2.2.1/lib/web_console/templates/style.css.erb within layouts/inlined_string (0.4ms)
  Rendered /home/tri/.rvm/gems/ruby-2.2.1@bmc/gems/web-console-2.2.1/lib/web_console/templates/console.js.erb within layouts/javascript (20.3ms)
  Rendered /home/tri/.rvm/gems/ruby-2.2.1@bmc/gems/web-console-2.2.1/lib/web_console/templates/main.js.erb within layouts/javascript (0.4ms)
  Rendered /home/tri/.rvm/gems/ruby-2.2.1@bmc/gems/web-console-2.2.1/lib/web_console/templates/error_page.js.erb within layouts/javascript (0.4ms)
  Rendered /home/tri/.rvm/gems/ruby-2.2.1@bmc/gems/web-console-2.2.1/lib/web_console/templates/index.html.erb (39.1ms)


Started GET "/" for 127.0.0.1 at 2015-07-31 11:21:29 +0530
  [1m[36mActiveRecord::SchemaMigration Load (0.1ms)[0m  [1mSELECT "schema_migrations".* FROM "schema_migrations"[0m
Processing by HomeController#land as HTML
  Rendered home/land.html.erb within layouts/application (1.5ms)
Completed 200 OK in 314ms (Views: 303.1ms | ActiveRecord: 0.0ms)


Started GET "/users/auth/linkedin" for 127.0.0.1 at 2015-07-31 11:21:32 +0530


Started GET "/users/auth/linkedin" for 127.0.0.1 at 2015-07-31 11:21:34 +0530


Started GET "/users/auth/linkedin/callback?oauth_token=75--faeb7fb8-d0ea-49ba-8f37-06ee35b28e9d&oauth_verifier=06892" for 127.0.0.1 at 2015-07-31 11:22:40 +0530
Processing by Users::OmniauthCallbacksController#linkedin as HTML
  Parameters: {"oauth_token"=>"75--faeb7fb8-d0ea-49ba-8f37-06ee35b28e9d", "oauth_verifier"=>"06892"}
  [1m[35mUser Load (0.3ms)[0m  SELECT  "users".* FROM "users" WHERE "users"."provider" = ? AND "users"."uid" = ?  ORDER BY "users"."id" ASC LIMIT 1  [["provider", "linkedin"], ["uid", "B9zZfONsG_"]]
  [1m[36m (0.1ms)[0m  [1mbegin transaction[0m
  [1m[35mSQL (0.4ms)[0m  INSERT INTO "users" ("provider", "uid", "email", "image", "created_at", "updated_at") VALUES (?, ?, ?, ?, ?, ?)  [["provider", "linkedin"], ["uid", "B9zZfONsG_"], ["email", "reddy.trinadhm50@gmail.com"], ["image", "https://media.licdn.com/mpr/mprx/0_O-y3pB6-cvtGAh37OAOYpqFjzlLm1_37yKeYpqbGotAY2F9ftquDtN12RJ5lKkh_0AY01PJsVpUE"], ["created_at", "2015-07-31 05:52:43.682838"], ["updated_at", "2015-07-31 05:52:43.682838"]]
  [1m[36m (115.4ms)[0m  [1mcommit transaction[0m
  [1m[35m (0.1ms)[0m  begin transaction
  [1m[36mSQL (0.4ms)[0m  [1mUPDATE "users" SET "last_sign_in_at" = ?, "current_sign_in_at" = ?, "last_sign_in_ip" = ?, "current_sign_in_ip" = ?, "sign_in_count" = ?, "updated_at" = ? WHERE "users"."id" = ?[0m  [["last_sign_in_at", "2015-07-31 05:52:43.801503"], ["current_sign_in_at", "2015-07-31 05:52:43.801503"], ["last_sign_in_ip", "127.0.0.1"], ["current_sign_in_ip", "127.0.0.1"], ["sign_in_count", 1], ["updated_at", "2015-07-31 05:52:43.802594"], ["id", 1]]
  [1m[35m (117.7ms)[0m  commit transaction
Redirected to http://localhost:3000/
Completed 302 Found in 297ms (ActiveRecord: 235.3ms)


Started GET "/" for 127.0.0.1 at 2015-07-31 11:22:43 +0530
Processing by HomeController#land as HTML
  [1m[36mUser Load (0.3ms)[0m  [1mSELECT  "users".* FROM "users" WHERE "users"."id" = ?  ORDER BY "users"."id" ASC LIMIT 1[0m  [["id", 1]]
  Rendered home/dashboard.html.erb within layouts/application (1.1ms)
Completed 200 OK in 117ms (Views: 115.0ms | ActiveRecord: 0.3ms)


Started DELETE "/sign_out" for 127.0.0.1 at 2015-07-31 11:24:12 +0530
Processing by Devise::SessionsController#destroy as HTML
  Parameters: {"authenticity_token"=>"mrzDFX4P4XahMQoFXyr22beo8kX4VQwahEAdpGppunJi6xLTHVWvQbM8heJnRBi+nIb780ymDCYthE0WwxrHEg=="}
  [1m[35mUser Load (0.2ms)[0m  SELECT  "users".* FROM "users" WHERE "users"."id" = ?  ORDER BY "users"."id" ASC LIMIT 1  [["id", 1]]
  [1m[36m (0.1ms)[0m  [1mbegin transaction[0m
  [1m[35m (0.1ms)[0m  commit transaction
Redirected to http://localhost:3000/
Completed 302 Found in 8ms (ActiveRecord: 0.4ms)


Started GET "/" for 127.0.0.1 at 2015-07-31 11:24:12 +0530
Processing by HomeController#land as HTML
  Rendered home/land.html.erb within layouts/application (0.6ms)
Completed 200 OK in 117ms (Views: 116.0ms | ActiveRecord: 0.0ms)


Started GET "/users/auth/linkedin" for 127.0.0.1 at 2015-07-31 11:24:14 +0530


Started GET "/users/auth/linkedin" for 127.0.0.1 at 2015-07-31 11:24:18 +0530


Started GET "/users/auth/linkedin/callback?oauth_token=75--99104ef7-6664-46b7-a690-fb7037294f09&oauth_verifier=95799" for 127.0.0.1 at 2015-07-31 11:24:20 +0530
Processing by Users::OmniauthCallbacksController#linkedin as HTML
  Parameters: {"oauth_token"=>"75--99104ef7-6664-46b7-a690-fb7037294f09", "oauth_verifier"=>"95799"}
  [1m[36mUser Load (0.3ms)[0m  [1mSELECT  "users".* FROM "users" WHERE "users"."provider" = ? AND "users"."uid" = ?  ORDER BY "users"."id" ASC LIMIT 1[0m  [["provider", "linkedin"], ["uid", "B9zZfONsG_"]]
  [1m[35m (0.3ms)[0m  begin transaction
  [1m[36mSQL (0.5ms)[0m  [1mUPDATE "users" SET "current_sign_in_at" = ?, "sign_in_count" = ?, "updated_at" = ? WHERE "users"."id" = ?[0m  [["current_sign_in_at", "2015-07-31 05:54:22.804783"], ["sign_in_count", 2], ["updated_at", "2015-07-31 05:54:22.806608"], ["id", 1]]
  [1m[35m (240.6ms)[0m  commit transaction
Redirected to http://localhost:3000/
Completed 302 Found in 250ms (ActiveRecord: 241.6ms)


Started GET "/" for 127.0.0.1 at 2015-07-31 11:24:23 +0530
Processing by HomeController#land as HTML
  [1m[36mUser Load (0.2ms)[0m  [1mSELECT  "users".* FROM "users" WHERE "users"."id" = ?  ORDER BY "users"."id" ASC LIMIT 1[0m  [["id", 1]]
  Rendered home/dashboard.html.erb within layouts/application (0.8ms)
Completed 200 OK in 142ms (Views: 139.3ms | ActiveRecord: 0.2ms)


Started DELETE "/sign_out" for 127.0.0.1 at 2015-07-31 11:24:27 +0530
Processing by Devise::SessionsController#destroy as HTML
  Parameters: {"authenticity_token"=>"MrwXVY6UqP00P2DiFI6rJgUVUDQSMCWZzRCrKQ2OaiN4zzUszva2RcM9QHJpbQj+wYUEVzLkZACIIBQHKFmyOQ=="}
  [1m[35mUser Load (0.2ms)[0m  SELECT  "users".* FROM "users" WHERE "users"."id" = ?  ORDER BY "users"."id" ASC LIMIT 1  [["id", 1]]
  [1m[36m (0.1ms)[0m  [1mbegin transaction[0m
  [1m[35m (0.1ms)[0m  commit transaction
Redirected to http://localhost:3000/
Completed 302 Found in 5ms (ActiveRecord: 0.3ms)


Started GET "/" for 127.0.0.1 at 2015-07-31 11:24:27 +0530
Processing by HomeController#land as HTML
  Rendered home/land.html.erb within layouts/application (0.5ms)
Completed 200 OK in 113ms (Views: 111.9ms | ActiveRecord: 0.0ms)
